<?xml version="1.0" encoding="UTF-8"?>
<!-- Generated by org.testng.reporters.JUnitXMLReporter -->
<testsuite ignored="0" hostname="AMIT" failures="0" tests="3" name="Default test" time="7.339" errors="0" timestamp="2023-03-05T21:53:26 IST">
  <testcase classname="reqres.ReqresAPIs" name="getListUsers" time="4.234"/>
  <testcase classname="reqres.ReqresAPIs" name="getUser" time="1.828"/>
  <testcase classname="reqres.ReqresAPIs" name="updateUser" time="1.174"/>
</testsuite> <!-- Default test -->
