<?xml version="1.0" encoding="UTF-8"?>
<!-- Generated by org.testng.reporters.JUnitXMLReporter -->
<testsuite ignored="0" hostname="AMIT" failures="1" tests="1" name="Test(failed)" time="0.1" errors="0" timestamp="2023-03-06T19:44:39 IST">
  <testcase classname="bookAPI.Book_Order" name="orderBook" time="0.015">
    <failure type="java.lang.NullPointerException" message="Cannot invoke &amp;quot;Object.toString()&amp;quot; because the return value of &amp;quot;org.testng.ITestContext.getAttribute(String)&amp;quot; is null">
      <![CDATA[java.lang.NullPointerException: Cannot invoke "Object.toString()" because the return value of "org.testng.ITestContext.getAttribute(String)" is null
at bookAPI.Book_Order.orderBook(Book_Order.java:14)
at java.base/java.util.ArrayList.forEach(ArrayList.java:1511)
... Removed 27 stack frames]]>
    </failure>
  </testcase> <!-- orderBook -->
</testsuite> <!-- Test(failed) -->
