<?xml version="1.0" encoding="UTF-8"?>
<testng-results ignored="0" total="3" passed="3" failed="0" skipped="0">
  <reporter-output>
  </reporter-output>
  <suite started-at="2023-03-05T21:53:19 IST" name="Default suite" finished-at="2023-03-05T21:53:26 IST" duration-ms="7339">
    <groups>
    </groups>
    <test started-at="2023-03-05T21:53:19 IST" name="Default test" finished-at="2023-03-05T21:53:26 IST" duration-ms="7339">
      <class name="reqres.ReqresAPIs">
        <test-method signature="getListUsers()[pri:1, instance:reqres.ReqresAPIs@6973b51b]" started-at="2023-03-05T21:53:19 IST" name="getListUsers" finished-at="2023-03-05T21:53:23 IST" duration-ms="4234" status="PASS">
          <reporter-output>
          </reporter-output>
        </test-method> <!-- getListUsers -->
        <test-method signature="getUser()[pri:2, instance:reqres.ReqresAPIs@6973b51b]" started-at="2023-03-05T21:53:23 IST" name="getUser" finished-at="2023-03-05T21:53:25 IST" duration-ms="1828" status="PASS">
          <reporter-output>
          </reporter-output>
        </test-method> <!-- getUser -->
        <test-method signature="updateUser()[pri:3, instance:reqres.ReqresAPIs@6973b51b]" started-at="2023-03-05T21:53:25 IST" name="updateUser" finished-at="2023-03-05T21:53:26 IST" duration-ms="1174" status="PASS">
          <reporter-output>
          </reporter-output>
        </test-method> <!-- updateUser -->
      </class> <!-- reqres.ReqresAPIs -->
    </test> <!-- Default test -->
  </suite> <!-- Default suite -->
</testng-results>
