<?xml version="1.0" encoding="UTF-8"?>
<testng-results ignored="0" total="3" passed="3" failed="0" skipped="0">
  <reporter-output>
  </reporter-output>
  <suite started-at="2023-03-06T22:00:51 IST" name="Suite" finished-at="2023-03-06T22:01:23 IST" duration-ms="32053">
    <groups>
    </groups>
    <test started-at="2023-03-06T22:00:51 IST" name="Test" finished-at="2023-03-06T22:01:23 IST" duration-ms="32053">
      <class name="bookAPI.List_Books">
        <test-method signature="displayBooks()[pri:0, instance:bookAPI.List_Books@31190526]" started-at="2023-03-06T22:01:20 IST" name="displayBooks" finished-at="2023-03-06T22:01:23 IST" duration-ms="2829" status="PASS">
          <reporter-output>
          </reporter-output>
        </test-method> <!-- displayBooks -->
      </class> <!-- bookAPI.List_Books -->
      <class name="bookAPI.Create_user">
        <test-method signature="userCreation(org.testng.ITestContext)[pri:0, instance:bookAPI.Create_user@2f4948e4]" started-at="2023-03-06T22:00:51 IST" name="userCreation" finished-at="2023-03-06T22:00:57 IST" duration-ms="5778" status="PASS">
          <params>
            <param index="0">
              <value>
                <![CDATA[org.testng.TestRunner@67080771]]>
              </value>
            </param>
          </params>
          <reporter-output>
          </reporter-output>
        </test-method> <!-- userCreation -->
      </class> <!-- bookAPI.Create_user -->
      <class name="bookAPI.Book_Order">
        <test-method signature="orderBook(org.testng.ITestContext)[pri:0, instance:bookAPI.Book_Order@229f66ed]" started-at="2023-03-06T22:00:57 IST" name="orderBook" finished-at="2023-03-06T22:01:20 IST" duration-ms="23366" status="PASS">
          <params>
            <param index="0">
              <value>
                <![CDATA[org.testng.TestRunner@67080771]]>
              </value>
            </param>
          </params>
          <reporter-output>
          </reporter-output>
        </test-method> <!-- orderBook -->
      </class> <!-- bookAPI.Book_Order -->
    </test> <!-- Test -->
  </suite> <!-- Suite -->
</testng-results>
